<test-run id="2" testcasecount="9" result="Passed" start-time="2023-10-12 03:55:34.992461" end-time="2023-10-12 03:55:35.158659" duration="0" total="9" passed="9" failed="0" inconclusive="0" skipped="0" asserts="0" clr-version="3.11.6 (tags/v3.11.6:8b6ee5b, Oct  2 2023, 14:57:12) [MSC v.1935 64 bit (AMD64)]" engine-version="3.6.2"><command-line>C:\Users\deadl\AppData\Local\Packages\PythonSoftwareFoundation.Python.3.11_qbz5n2kfra8p0\LocalCache\local-packages\Python311\site-packages\pytest\__main__.py --rootdir c:\Users\deadl\OneDrive\Documents\UTS\2023\Adv Software Development\Advanced Software Development Project\Advanced-Software-Development --override-ini junit_family=xunit1 --junit-xml=C:\Users\deadl\AppData\Local\Temp\tmp-5250436Lb935jyStw.xml</command-line><filter /><test-suite id="test_MouseInputs.py" name="test_MouseInputs.py" fullname="test_MouseInputs.py" methodname="" classname="" runstate="Runnable" type="Assembly" testcasecount="9" result="Passed" label="" start-time="2023-10-12 03:55:35.138816" end-time="2023-10-12 03:55:35.158659" duration="0.019843" asserts="0" total="9" passed="9" failed="0" warnings="0" inconclusive="0" skipped="0"><properties><property name="python_version" value="3.11.6 (tags/v3.11.6:8b6ee5b, Oct  2 2023, 14:57:12) [MSC v.1935 64 bit (AMD64)]" /></properties><test-case id="100" name="test_MouseInputs.py::test_create_text_file" fullname="test_MouseInputs.py::test_create_text_file" methodname="test_create_text_file" classname="test_MouseInputs.py" runstate="Runnable" seed="1" result="Passed" label="" start-time="2023-10-12 03:55:35.138816" end-time="2023-10-12 03:55:35.143966" duration="0.00515" asserts="0"><properties><property name="python-version" value="3.11.6 (tags/v3.11.6:8b6ee5b, Oct  2 2023, 14:57:12) [MSC v.1935 64 bit (AMD64)]" /><property name="fspath" value="test_MouseInputs.py" /></properties><environment framework-version="3.6.2" clr-version="3.11.6 (tags/v3.11.6:8b6ee5b, Oct  2 2023, 14:57:12) [MSC v.1935 64 bit (AMD64)]" os-version="10" platform="Windows" cwd="c:\Users\deadl\OneDrive\Documents\UTS\2023\Adv Software Development\Advanced Software Development Project\Advanced-Software-Development" machine-name="AMD64" user="" user-domain="" culture="en_AU" uiculture="en_AU" os-architecture="64bit" /><failure><message><![CDATA[]]></message><stack-trace><![CDATA[None]]></stack-trace></failure><reason><message><![CDATA[]]></message></reason><output><![CDATA[]]></output></test-case><test-case id="101" name="test_MouseInputs.py::test_process_twitch_message_invalid_command" fullname="test_MouseInputs.py::test_process_twitch_message_invalid_command" methodname="test_process_twitch_message_invalid_command" classname="test_MouseInputs.py" runstate="Runnable" seed="1" result="Passed" label="" start-time="2023-10-12 03:55:35.144967" end-time="2023-10-12 03:55:35.145970" duration="0.001003" asserts="0"><properties><property name="python-version" value="3.11.6 (tags/v3.11.6:8b6ee5b, Oct  2 2023, 14:57:12) [MSC v.1935 64 bit (AMD64)]" /><property name="fspath" value="test_MouseInputs.py" /></properties><environment framework-version="3.6.2" clr-version="3.11.6 (tags/v3.11.6:8b6ee5b, Oct  2 2023, 14:57:12) [MSC v.1935 64 bit (AMD64)]" os-version="10" platform="Windows" cwd="c:\Users\deadl\OneDrive\Documents\UTS\2023\Adv Software Development\Advanced Software Development Project\Advanced-Software-Development" machine-name="AMD64" user="" user-domain="" culture="en_AU" uiculture="en_AU" os-architecture="64bit" /><failure><message><![CDATA[]]></message><stack-trace><![CDATA[None]]></stack-trace></failure><reason><message><![CDATA[]]></message></reason><output><![CDATA[]]></output></test-case><test-case id="102" name="test_MouseInputs.py::test_process_twitch_message_valid_command" fullname="test_MouseInputs.py::test_process_twitch_message_valid_command" methodname="test_process_twitch_message_valid_command" classname="test_MouseInputs.py" runstate="Runnable" seed="1" result="Passed" label="" start-time="2023-10-12 03:55:35.145970" end-time="2023-10-12 03:55:35.147032" duration="0.001062" asserts="0"><properties><property name="python-version" value="3.11.6 (tags/v3.11.6:8b6ee5b, Oct  2 2023, 14:57:12) [MSC v.1935 64 bit (AMD64)]" /><property name="fspath" value="test_MouseInputs.py" /></properties><environment framework-version="3.6.2" clr-version="3.11.6 (tags/v3.11.6:8b6ee5b, Oct  2 2023, 14:57:12) [MSC v.1935 64 bit (AMD64)]" os-version="10" platform="Windows" cwd="c:\Users\deadl\OneDrive\Documents\UTS\2023\Adv Software Development\Advanced Software Development Project\Advanced-Software-Development" machine-name="AMD64" user="" user-domain="" culture="en_AU" uiculture="en_AU" os-architecture="64bit" /><failure><message><![CDATA[]]></message><stack-trace><![CDATA[None]]></stack-trace></failure><reason><message><![CDATA[]]></message></reason><output><![CDATA[]]></output></test-case><test-case id="103" name="test_MouseInputs.py::test_moveMouse" fullname="test_MouseInputs.py::test_moveMouse" methodname="test_moveMouse" classname="test_MouseInputs.py" runstate="Runnable" seed="1" result="Passed" label="" start-time="2023-10-12 03:55:35.147032" end-time="2023-10-12 03:55:35.149035" duration="0.002003" asserts="0"><properties><property name="python-version" value="3.11.6 (tags/v3.11.6:8b6ee5b, Oct  2 2023, 14:57:12) [MSC v.1935 64 bit (AMD64)]" /><property name="fspath" value="test_MouseInputs.py" /></properties><environment framework-version="3.6.2" clr-version="3.11.6 (tags/v3.11.6:8b6ee5b, Oct  2 2023, 14:57:12) [MSC v.1935 64 bit (AMD64)]" os-version="10" platform="Windows" cwd="c:\Users\deadl\OneDrive\Documents\UTS\2023\Adv Software Development\Advanced Software Development Project\Advanced-Software-Development" machine-name="AMD64" user="" user-domain="" culture="en_AU" uiculture="en_AU" os-architecture="64bit" /><failure><message><![CDATA[]]></message><stack-trace><![CDATA[None]]></stack-trace></failure><reason><message><![CDATA[]]></message></reason><output><![CDATA[]]></output></test-case><test-case id="104" name="test_MouseInputs.py::test_clickMouse" fullname="test_MouseInputs.py::test_clickMouse" methodname="test_clickMouse" classname="test_MouseInputs.py" runstate="Runnable" seed="1" result="Passed" label="" start-time="2023-10-12 03:55:35.149035" end-time="2023-10-12 03:55:35.150267" duration="0.001232" asserts="0"><properties><property name="python-version" value="3.11.6 (tags/v3.11.6:8b6ee5b, Oct  2 2023, 14:57:12) [MSC v.1935 64 bit (AMD64)]" /><property name="fspath" value="test_MouseInputs.py" /></properties><environment framework-version="3.6.2" clr-version="3.11.6 (tags/v3.11.6:8b6ee5b, Oct  2 2023, 14:57:12) [MSC v.1935 64 bit (AMD64)]" os-version="10" platform="Windows" cwd="c:\Users\deadl\OneDrive\Documents\UTS\2023\Adv Software Development\Advanced Software Development Project\Advanced-Software-Development" machine-name="AMD64" user="" user-domain="" culture="en_AU" uiculture="en_AU" os-architecture="64bit" /><failure><message><![CDATA[]]></message><stack-trace><![CDATA[None]]></stack-trace></failure><reason><message><![CDATA[]]></message></reason><output><![CDATA[]]></output></test-case><test-case id="105" name="test_MouseInputs.py::test_scrollMouse" fullname="test_MouseInputs.py::test_scrollMouse" methodname="test_scrollMouse" classname="test_MouseInputs.py" runstate="Runnable" seed="1" result="Passed" label="" start-time="2023-10-12 03:55:35.150267" end-time="2023-10-12 03:55:35.151269" duration="0.001002" asserts="0"><properties><property name="python-version" value="3.11.6 (tags/v3.11.6:8b6ee5b, Oct  2 2023, 14:57:12) [MSC v.1935 64 bit (AMD64)]" /><property name="fspath" value="test_MouseInputs.py" /></properties><environment framework-version="3.6.2" clr-version="3.11.6 (tags/v3.11.6:8b6ee5b, Oct  2 2023, 14:57:12) [MSC v.1935 64 bit (AMD64)]" os-version="10" platform="Windows" cwd="c:\Users\deadl\OneDrive\Documents\UTS\2023\Adv Software Development\Advanced Software Development Project\Advanced-Software-Development" machine-name="AMD64" user="" user-domain="" culture="en_AU" uiculture="en_AU" os-architecture="64bit" /><failure><message><![CDATA[]]></message><stack-trace><![CDATA[None]]></stack-trace></failure><reason><message><![CDATA[]]></message></reason><output><![CDATA[]]></output></test-case><test-case id="106" name="test_MouseInputs.py::test_draw_circle" fullname="test_MouseInputs.py::test_draw_circle" methodname="test_draw_circle" classname="test_MouseInputs.py" runstate="Runnable" seed="1" result="Passed" label="" start-time="2023-10-12 03:55:35.152272" end-time="2023-10-12 03:55:35.154362" duration="0.00209" asserts="0"><properties><property name="python-version" value="3.11.6 (tags/v3.11.6:8b6ee5b, Oct  2 2023, 14:57:12) [MSC v.1935 64 bit (AMD64)]" /><property name="fspath" value="test_MouseInputs.py" /></properties><environment framework-version="3.6.2" clr-version="3.11.6 (tags/v3.11.6:8b6ee5b, Oct  2 2023, 14:57:12) [MSC v.1935 64 bit (AMD64)]" os-version="10" platform="Windows" cwd="c:\Users\deadl\OneDrive\Documents\UTS\2023\Adv Software Development\Advanced Software Development Project\Advanced-Software-Development" machine-name="AMD64" user="" user-domain="" culture="en_AU" uiculture="en_AU" os-architecture="64bit" /><failure><message><![CDATA[]]></message><stack-trace><![CDATA[None]]></stack-trace></failure><reason><message><![CDATA[]]></message></reason><output><![CDATA[]]></output></test-case><test-case id="107" name="test_MouseInputs.py::test_click_coordinates" fullname="test_MouseInputs.py::test_click_coordinates" methodname="test_click_coordinates" classname="test_MouseInputs.py" runstate="Runnable" seed="1" result="Passed" label="" start-time="2023-10-12 03:55:35.154362" end-time="2023-10-12 03:55:35.155388" duration="0.001026" asserts="0"><properties><property name="python-version" value="3.11.6 (tags/v3.11.6:8b6ee5b, Oct  2 2023, 14:57:12) [MSC v.1935 64 bit (AMD64)]" /><property name="fspath" value="test_MouseInputs.py" /></properties><environment framework-version="3.6.2" clr-version="3.11.6 (tags/v3.11.6:8b6ee5b, Oct  2 2023, 14:57:12) [MSC v.1935 64 bit (AMD64)]" os-version="10" platform="Windows" cwd="c:\Users\deadl\OneDrive\Documents\UTS\2023\Adv Software Development\Advanced Software Development Project\Advanced-Software-Development" machine-name="AMD64" user="" user-domain="" culture="en_AU" uiculture="en_AU" os-architecture="64bit" /><failure><message><![CDATA[]]></message><stack-trace><![CDATA[None]]></stack-trace></failure><reason><message><![CDATA[]]></message></reason><output><![CDATA[]]></output></test-case><test-case id="108" name="test_MouseInputs.py::test_add_allowed_command" fullname="test_MouseInputs.py::test_add_allowed_command" methodname="test_add_allowed_command" classname="test_MouseInputs.py" runstate="Runnable" seed="1" result="Passed" label="" start-time="2023-10-12 03:55:35.157654" end-time="2023-10-12 03:55:35.158659" duration="0.001005" asserts="0"><properties><property name="python-version" value="3.11.6 (tags/v3.11.6:8b6ee5b, Oct  2 2023, 14:57:12) [MSC v.1935 64 bit (AMD64)]" /><property name="fspath" value="test_MouseInputs.py" /></properties><environment framework-version="3.6.2" clr-version="3.11.6 (tags/v3.11.6:8b6ee5b, Oct  2 2023, 14:57:12) [MSC v.1935 64 bit (AMD64)]" os-version="10" platform="Windows" cwd="c:\Users\deadl\OneDrive\Documents\UTS\2023\Adv Software Development\Advanced Software Development Project\Advanced-Software-Development" machine-name="AMD64" user="" user-domain="" culture="en_AU" uiculture="en_AU" os-architecture="64bit" /><failure><message><![CDATA[]]></message><stack-trace><![CDATA[None]]></stack-trace></failure><reason><message><![CDATA[]]></message></reason><output><![CDATA[]]></output></test-case><environment framework-version="3.6.2" clr-version="3.11.6 (tags/v3.11.6:8b6ee5b, Oct  2 2023, 14:57:12) [MSC v.1935 64 bit (AMD64)]" os-version="10" platform="Windows" cwd="c:\Users\deadl\OneDrive\Documents\UTS\2023\Adv Software Development\Advanced Software Development Project\Advanced-Software-Development" machine-name="AMD64" user="" user-domain="" culture="en_AU" uiculture="en_AU" os-architecture="64bit" /></test-suite></test-run>