<test-run id="2" testcasecount="9" result="Passed" start-time="2023-10-12 04:19:59.632695" end-time="2023-10-12 04:19:59.719026" duration="0" total="9" passed="9" failed="0" inconclusive="0" skipped="0" asserts="0" clr-version="3.11.6 (tags/v3.11.6:8b6ee5b, Oct  2 2023, 14:57:12) [MSC v.1935 64 bit (AMD64)]" engine-version="3.6.2"><command-line>C:\Users\deadl\AppData\Local\Packages\PythonSoftwareFoundation.Python.3.11_qbz5n2kfra8p0\LocalCache\local-packages\Python311\site-packages\pytest\__main__.py --rootdir c:\Users\deadl\OneDrive\Documents\UTS\2023\Adv Software Development\Advanced Software Development Project\Advanced-Software-Development --override-ini junit_family=xunit1 --junit-xml=C:\Users\deadl\AppData\Local\Temp\tmp-525043LincyBmpzg4.xml</command-line><filter /><test-suite id="test_MouseInputs.py" name="test_MouseInputs.py" fullname="test_MouseInputs.py" methodname="" classname="" runstate="Runnable" type="Assembly" testcasecount="9" result="Passed" label="" start-time="2023-10-12 04:19:59.698892" end-time="2023-10-12 04:19:59.719026" duration="0.020134" asserts="0" total="9" passed="9" failed="0" warnings="0" inconclusive="0" skipped="0"><properties><property name="python_version" value="3.11.6 (tags/v3.11.6:8b6ee5b, Oct  2 2023, 14:57:12) [MSC v.1935 64 bit (AMD64)]" /></properties><test-case id="100" name="test_MouseInputs.py::test_create_text_file" fullname="test_MouseInputs.py::test_create_text_file" methodname="test_create_text_file" classname="test_MouseInputs.py" runstate="Runnable" seed="1" result="Passed" label="" start-time="2023-10-12 04:19:59.698892" end-time="2023-10-12 04:19:59.704430" duration="0.005538" asserts="0"><properties><property name="python-version" value="3.11.6 (tags/v3.11.6:8b6ee5b, Oct  2 2023, 14:57:12) [MSC v.1935 64 bit (AMD64)]" /><property name="fspath" value="test_MouseInputs.py" /></properties><environment framework-version="3.6.2" clr-version="3.11.6 (tags/v3.11.6:8b6ee5b, Oct  2 2023, 14:57:12) [MSC v.1935 64 bit (AMD64)]" os-version="10" platform="Windows" cwd="c:\Users\deadl\OneDrive\Documents\UTS\2023\Adv Software Development\Advanced Software Development Project\Advanced-Software-Development" machine-name="AMD64" user="" user-domain="" culture="en_AU" uiculture="en_AU" os-architecture="64bit" /><failure><message><![CDATA[]]></message><stack-trace><![CDATA[None]]></stack-trace></failure><reason><message><![CDATA[]]></message></reason><output><![CDATA[]]></output></test-case><test-case id="101" name="test_MouseInputs.py::test_process_twitch_message_invalid_command" fullname="test_MouseInputs.py::test_process_twitch_message_invalid_command" methodname="test_process_twitch_message_invalid_command" classname="test_MouseInputs.py" runstate="Runnable" seed="1" result="Passed" label="" start-time="2023-10-12 04:19:59.705570" end-time="2023-10-12 04:19:59.706900" duration="0.00133" asserts="0"><properties><property name="python-version" value="3.11.6 (tags/v3.11.6:8b6ee5b, Oct  2 2023, 14:57:12) [MSC v.1935 64 bit (AMD64)]" /><property name="fspath" value="test_MouseInputs.py" /></properties><environment framework-version="3.6.2" clr-version="3.11.6 (tags/v3.11.6:8b6ee5b, Oct  2 2023, 14:57:12) [MSC v.1935 64 bit (AMD64)]" os-version="10" platform="Windows" cwd="c:\Users\deadl\OneDrive\Documents\UTS\2023\Adv Software Development\Advanced Software Development Project\Advanced-Software-Development" machine-name="AMD64" user="" user-domain="" culture="en_AU" uiculture="en_AU" os-architecture="64bit" /><failure><message><![CDATA[]]></message><stack-trace><![CDATA[None]]></stack-trace></failure><reason><message><![CDATA[]]></message></reason><output><![CDATA[]]></output></test-case><test-case id="102" name="test_MouseInputs.py::test_process_twitch_message_valid_command" fullname="test_MouseInputs.py::test_process_twitch_message_valid_command" methodname="test_process_twitch_message_valid_command" classname="test_MouseInputs.py" runstate="Runnable" seed="1" result="Passed" label="" start-time="2023-10-12 04:19:59.706900" end-time="2023-10-12 04:19:59.707931" duration="0.001031" asserts="0"><properties><property name="python-version" value="3.11.6 (tags/v3.11.6:8b6ee5b, Oct  2 2023, 14:57:12) [MSC v.1935 64 bit (AMD64)]" /><property name="fspath" value="test_MouseInputs.py" /></properties><environment framework-version="3.6.2" clr-version="3.11.6 (tags/v3.11.6:8b6ee5b, Oct  2 2023, 14:57:12) [MSC v.1935 64 bit (AMD64)]" os-version="10" platform="Windows" cwd="c:\Users\deadl\OneDrive\Documents\UTS\2023\Adv Software Development\Advanced Software Development Project\Advanced-Software-Development" machine-name="AMD64" user="" user-domain="" culture="en_AU" uiculture="en_AU" os-architecture="64bit" /><failure><message><![CDATA[]]></message><stack-trace><![CDATA[None]]></stack-trace></failure><reason><message><![CDATA[]]></message></reason><output><![CDATA[]]></output></test-case><test-case id="103" name="test_MouseInputs.py::test_moveMouse" fullname="test_MouseInputs.py::test_moveMouse" methodname="test_moveMouse" classname="test_MouseInputs.py" runstate="Runnable" seed="1" result="Passed" label="" start-time="2023-10-12 04:19:59.708934" end-time="2023-10-12 04:19:59.708934" duration="0.0" asserts="0"><properties><property name="python-version" value="3.11.6 (tags/v3.11.6:8b6ee5b, Oct  2 2023, 14:57:12) [MSC v.1935 64 bit (AMD64)]" /><property name="fspath" value="test_MouseInputs.py" /></properties><environment framework-version="3.6.2" clr-version="3.11.6 (tags/v3.11.6:8b6ee5b, Oct  2 2023, 14:57:12) [MSC v.1935 64 bit (AMD64)]" os-version="10" platform="Windows" cwd="c:\Users\deadl\OneDrive\Documents\UTS\2023\Adv Software Development\Advanced Software Development Project\Advanced-Software-Development" machine-name="AMD64" user="" user-domain="" culture="en_AU" uiculture="en_AU" os-architecture="64bit" /><failure><message><![CDATA[]]></message><stack-trace><![CDATA[None]]></stack-trace></failure><reason><message><![CDATA[]]></message></reason><output><![CDATA[]]></output></test-case><test-case id="104" name="test_MouseInputs.py::test_clickMouse" fullname="test_MouseInputs.py::test_clickMouse" methodname="test_clickMouse" classname="test_MouseInputs.py" runstate="Runnable" seed="1" result="Passed" label="" start-time="2023-10-12 04:19:59.710147" end-time="2023-10-12 04:19:59.711152" duration="0.001005" asserts="0"><properties><property name="python-version" value="3.11.6 (tags/v3.11.6:8b6ee5b, Oct  2 2023, 14:57:12) [MSC v.1935 64 bit (AMD64)]" /><property name="fspath" value="test_MouseInputs.py" /></properties><environment framework-version="3.6.2" clr-version="3.11.6 (tags/v3.11.6:8b6ee5b, Oct  2 2023, 14:57:12) [MSC v.1935 64 bit (AMD64)]" os-version="10" platform="Windows" cwd="c:\Users\deadl\OneDrive\Documents\UTS\2023\Adv Software Development\Advanced Software Development Project\Advanced-Software-Development" machine-name="AMD64" user="" user-domain="" culture="en_AU" uiculture="en_AU" os-architecture="64bit" /><failure><message><![CDATA[]]></message><stack-trace><![CDATA[None]]></stack-trace></failure><reason><message><![CDATA[]]></message></reason><output><![CDATA[]]></output></test-case><test-case id="105" name="test_MouseInputs.py::test_scrollMouse" fullname="test_MouseInputs.py::test_scrollMouse" methodname="test_scrollMouse" classname="test_MouseInputs.py" runstate="Runnable" seed="1" result="Passed" label="" start-time="2023-10-12 04:19:59.711152" end-time="2023-10-12 04:19:59.712295" duration="0.001143" asserts="0"><properties><property name="python-version" value="3.11.6 (tags/v3.11.6:8b6ee5b, Oct  2 2023, 14:57:12) [MSC v.1935 64 bit (AMD64)]" /><property name="fspath" value="test_MouseInputs.py" /></properties><environment framework-version="3.6.2" clr-version="3.11.6 (tags/v3.11.6:8b6ee5b, Oct  2 2023, 14:57:12) [MSC v.1935 64 bit (AMD64)]" os-version="10" platform="Windows" cwd="c:\Users\deadl\OneDrive\Documents\UTS\2023\Adv Software Development\Advanced Software Development Project\Advanced-Software-Development" machine-name="AMD64" user="" user-domain="" culture="en_AU" uiculture="en_AU" os-architecture="64bit" /><failure><message><![CDATA[]]></message><stack-trace><![CDATA[None]]></stack-trace></failure><reason><message><![CDATA[]]></message></reason><output><![CDATA[]]></output></test-case><test-case id="106" name="test_MouseInputs.py::test_draw_circle" fullname="test_MouseInputs.py::test_draw_circle" methodname="test_draw_circle" classname="test_MouseInputs.py" runstate="Runnable" seed="1" result="Passed" label="" start-time="2023-10-12 04:19:59.713299" end-time="2023-10-12 04:19:59.714746" duration="0.001447" asserts="0"><properties><property name="python-version" value="3.11.6 (tags/v3.11.6:8b6ee5b, Oct  2 2023, 14:57:12) [MSC v.1935 64 bit (AMD64)]" /><property name="fspath" value="test_MouseInputs.py" /></properties><environment framework-version="3.6.2" clr-version="3.11.6 (tags/v3.11.6:8b6ee5b, Oct  2 2023, 14:57:12) [MSC v.1935 64 bit (AMD64)]" os-version="10" platform="Windows" cwd="c:\Users\deadl\OneDrive\Documents\UTS\2023\Adv Software Development\Advanced Software Development Project\Advanced-Software-Development" machine-name="AMD64" user="" user-domain="" culture="en_AU" uiculture="en_AU" os-architecture="64bit" /><failure><message><![CDATA[]]></message><stack-trace><![CDATA[None]]></stack-trace></failure><reason><message><![CDATA[]]></message></reason><output><![CDATA[]]></output></test-case><test-case id="107" name="test_MouseInputs.py::test_click_coordinates" fullname="test_MouseInputs.py::test_click_coordinates" methodname="test_click_coordinates" classname="test_MouseInputs.py" runstate="Runnable" seed="1" result="Passed" label="" start-time="2023-10-12 04:19:59.714746" end-time="2023-10-12 04:19:59.715750" duration="0.001004" asserts="0"><properties><property name="python-version" value="3.11.6 (tags/v3.11.6:8b6ee5b, Oct  2 2023, 14:57:12) [MSC v.1935 64 bit (AMD64)]" /><property name="fspath" value="test_MouseInputs.py" /></properties><environment framework-version="3.6.2" clr-version="3.11.6 (tags/v3.11.6:8b6ee5b, Oct  2 2023, 14:57:12) [MSC v.1935 64 bit (AMD64)]" os-version="10" platform="Windows" cwd="c:\Users\deadl\OneDrive\Documents\UTS\2023\Adv Software Development\Advanced Software Development Project\Advanced-Software-Development" machine-name="AMD64" user="" user-domain="" culture="en_AU" uiculture="en_AU" os-architecture="64bit" /><failure><message><![CDATA[]]></message><stack-trace><![CDATA[None]]></stack-trace></failure><reason><message><![CDATA[]]></message></reason><output><![CDATA[]]></output></test-case><test-case id="108" name="test_MouseInputs.py::test_add_allowed_command" fullname="test_MouseInputs.py::test_add_allowed_command" methodname="test_add_allowed_command" classname="test_MouseInputs.py" runstate="Runnable" seed="1" result="Passed" label="" start-time="2023-10-12 04:19:59.717803" end-time="2023-10-12 04:19:59.719026" duration="0.001223" asserts="0"><properties><property name="python-version" value="3.11.6 (tags/v3.11.6:8b6ee5b, Oct  2 2023, 14:57:12) [MSC v.1935 64 bit (AMD64)]" /><property name="fspath" value="test_MouseInputs.py" /></properties><environment framework-version="3.6.2" clr-version="3.11.6 (tags/v3.11.6:8b6ee5b, Oct  2 2023, 14:57:12) [MSC v.1935 64 bit (AMD64)]" os-version="10" platform="Windows" cwd="c:\Users\deadl\OneDrive\Documents\UTS\2023\Adv Software Development\Advanced Software Development Project\Advanced-Software-Development" machine-name="AMD64" user="" user-domain="" culture="en_AU" uiculture="en_AU" os-architecture="64bit" /><failure><message><![CDATA[]]></message><stack-trace><![CDATA[None]]></stack-trace></failure><reason><message><![CDATA[]]></message></reason><output><![CDATA[]]></output></test-case><environment framework-version="3.6.2" clr-version="3.11.6 (tags/v3.11.6:8b6ee5b, Oct  2 2023, 14:57:12) [MSC v.1935 64 bit (AMD64)]" os-version="10" platform="Windows" cwd="c:\Users\deadl\OneDrive\Documents\UTS\2023\Adv Software Development\Advanced Software Development Project\Advanced-Software-Development" machine-name="AMD64" user="" user-domain="" culture="en_AU" uiculture="en_AU" os-architecture="64bit" /></test-suite></test-run>