<test-run id="2" testcasecount="6" result="Passed" start-time="2023-10-12 13:41:03.490768" end-time="2023-10-12 13:41:03.954764" duration="0" total="6" passed="6" failed="0" inconclusive="0" skipped="0" asserts="0" clr-version="3.11.3 (tags/v3.11.3:f3909b8, Apr  4 2023, 23:49:59) [MSC v.1934 64 bit (AMD64)]" engine-version="3.6.2"><command-line>C:\Python311\Lib\site-packages\pytest\__main__.py</command-line><filter /><test-suite id="backend/test_KeyboardInputs.py" name="backend/test_KeyboardInputs.py" fullname="backend/test_KeyboardInputs.py" methodname="" classname="" runstate="Runnable" type="Assembly" testcasecount="1" result="Passed" label="" start-time="2023-10-12 13:41:03.641736" end-time="2023-10-12 13:41:03.944775" duration="0.303039" asserts="0" total="1" passed="1" failed="0" warnings="0" inconclusive="0" skipped="0"><properties><property name="python_version" value="3.11.3 (tags/v3.11.3:f3909b8, Apr  4 2023, 23:49:59) [MSC v.1934 64 bit (AMD64)]" /></properties><test-case id="100" name="backend/test_KeyboardInputs.py::test_inputTriggers" fullname="backend/test_KeyboardInputs.py::test_inputTriggers" methodname="test_inputTriggers" classname="backend/test_KeyboardInputs.py" runstate="Runnable" seed="1" result="Passed" label="" start-time="2023-10-12 13:41:03.641736" end-time="2023-10-12 13:41:03.944775" duration="0.303039" asserts="0"><properties><property name="python-version" value="3.11.3 (tags/v3.11.3:f3909b8, Apr  4 2023, 23:49:59) [MSC v.1934 64 bit (AMD64)]" /><property name="fspath" value="backend/test_KeyboardInputs.py" /></properties><environment framework-version="3.6.2" clr-version="3.11.3 (tags/v3.11.3:f3909b8, Apr  4 2023, 23:49:59) [MSC v.1934 64 bit (AMD64)]" os-version="10" platform="Windows" cwd="C:\Users\PCByte\OneDrive\Advanced-Software-Development" machine-name="AMD64" user="" user-domain="" culture="en_AU" uiculture="en_AU" os-architecture="64bit" /><failure><message><![CDATA[]]></message><stack-trace><![CDATA[None]]></stack-trace></failure><reason><message><![CDATA[]]></message></reason><output><![CDATA[]]></output></test-case><environment framework-version="3.6.2" clr-version="3.11.3 (tags/v3.11.3:f3909b8, Apr  4 2023, 23:49:59) [MSC v.1934 64 bit (AMD64)]" os-version="10" platform="Windows" cwd="C:\Users\PCByte\OneDrive\Advanced-Software-Development" machine-name="AMD64" user="" user-domain="" culture="en_AU" uiculture="en_AU" os-architecture="64bit" /></test-suite><test-suite id="backend/test_StyleOfPlay.py" name="backend/test_StyleOfPlay.py" fullname="backend/test_StyleOfPlay.py" methodname="" classname="" runstate="Runnable" type="Assembly" testcasecount="2" result="Passed" label="" start-time="2023-10-12 13:41:03.945764" end-time="2023-10-12 13:41:03.948763" duration="0.002999" asserts="0" total="2" passed="2" failed="0" warnings="0" inconclusive="0" skipped="0"><properties><property name="python_version" value="3.11.3 (tags/v3.11.3:f3909b8, Apr  4 2023, 23:49:59) [MSC v.1934 64 bit (AMD64)]" /></properties><test-case id="101" name="backend/test_StyleOfPlay.py::test_getCurrentStyle" fullname="backend/test_StyleOfPlay.py::test_getCurrentStyle" methodname="test_getCurrentStyle" classname="backend/test_StyleOfPlay.py" runstate="Runnable" seed="1" result="Passed" label="" start-time="2023-10-12 13:41:03.945764" end-time="2023-10-12 13:41:03.946763" duration="0.000999" asserts="0"><properties><property name="python-version" value="3.11.3 (tags/v3.11.3:f3909b8, Apr  4 2023, 23:49:59) [MSC v.1934 64 bit (AMD64)]" /><property name="fspath" value="backend/test_StyleOfPlay.py" /></properties><environment framework-version="3.6.2" clr-version="3.11.3 (tags/v3.11.3:f3909b8, Apr  4 2023, 23:49:59) [MSC v.1934 64 bit (AMD64)]" os-version="10" platform="Windows" cwd="C:\Users\PCByte\OneDrive\Advanced-Software-Development" machine-name="AMD64" user="" user-domain="" culture="en_AU" uiculture="en_AU" os-architecture="64bit" /><failure><message><![CDATA[]]></message><stack-trace><![CDATA[None]]></stack-trace></failure><reason><message><![CDATA[]]></message></reason><output><![CDATA[]]></output></test-case><test-case id="102" name="backend/test_StyleOfPlay.py::test_styleOfPlayChanged" fullname="backend/test_StyleOfPlay.py::test_styleOfPlayChanged" methodname="test_styleOfPlayChanged" classname="backend/test_StyleOfPlay.py" runstate="Runnable" seed="1" result="Passed" label="" start-time="2023-10-12 13:41:03.947763" end-time="2023-10-12 13:41:03.948763" duration="0.001" asserts="0"><properties><property name="python-version" value="3.11.3 (tags/v3.11.3:f3909b8, Apr  4 2023, 23:49:59) [MSC v.1934 64 bit (AMD64)]" /><property name="fspath" value="backend/test_StyleOfPlay.py" /></properties><environment framework-version="3.6.2" clr-version="3.11.3 (tags/v3.11.3:f3909b8, Apr  4 2023, 23:49:59) [MSC v.1934 64 bit (AMD64)]" os-version="10" platform="Windows" cwd="C:\Users\PCByte\OneDrive\Advanced-Software-Development" machine-name="AMD64" user="" user-domain="" culture="en_AU" uiculture="en_AU" os-architecture="64bit" /><failure><message><![CDATA[]]></message><stack-trace><![CDATA[None]]></stack-trace></failure><reason><message><![CDATA[]]></message></reason><output><![CDATA[]]></output></test-case><environment framework-version="3.6.2" clr-version="3.11.3 (tags/v3.11.3:f3909b8, Apr  4 2023, 23:49:59) [MSC v.1934 64 bit (AMD64)]" os-version="10" platform="Windows" cwd="C:\Users\PCByte\OneDrive\Advanced-Software-Development" machine-name="AMD64" user="" user-domain="" culture="en_AU" uiculture="en_AU" os-architecture="64bit" /></test-suite><test-suite id="backend/test_profilemanager.py" name="backend/test_profilemanager.py" fullname="backend/test_profilemanager.py" methodname="" classname="" runstate="Runnable" type="Assembly" testcasecount="3" result="Passed" label="" start-time="2023-10-12 13:41:03.949764" end-time="2023-10-12 13:41:03.954764" duration="0.005" asserts="0" total="3" passed="3" failed="0" warnings="0" inconclusive="0" skipped="0"><properties><property name="python_version" value="3.11.3 (tags/v3.11.3:f3909b8, Apr  4 2023, 23:49:59) [MSC v.1934 64 bit (AMD64)]" /></properties><test-case id="103" name="backend/test_profilemanager.py::test_createProfile" fullname="backend/test_profilemanager.py::test_createProfile" methodname="test_createProfile" classname="backend/test_profilemanager.py" runstate="Runnable" seed="1" result="Passed" label="" start-time="2023-10-12 13:41:03.949764" end-time="2023-10-12 13:41:03.950764" duration="0.001" asserts="0"><properties><property name="python-version" value="3.11.3 (tags/v3.11.3:f3909b8, Apr  4 2023, 23:49:59) [MSC v.1934 64 bit (AMD64)]" /><property name="fspath" value="backend/test_profilemanager.py" /></properties><environment framework-version="3.6.2" clr-version="3.11.3 (tags/v3.11.3:f3909b8, Apr  4 2023, 23:49:59) [MSC v.1934 64 bit (AMD64)]" os-version="10" platform="Windows" cwd="C:\Users\PCByte\OneDrive\Advanced-Software-Development" machine-name="AMD64" user="" user-domain="" culture="en_AU" uiculture="en_AU" os-architecture="64bit" /><failure><message><![CDATA[]]></message><stack-trace><![CDATA[None]]></stack-trace></failure><reason><message><![CDATA[]]></message></reason><output><![CDATA[]]></output></test-case><test-case id="104" name="backend/test_profilemanager.py::test_profileExists" fullname="backend/test_profilemanager.py::test_profileExists" methodname="test_profileExists" classname="backend/test_profilemanager.py" runstate="Runnable" seed="1" result="Passed" label="" start-time="2023-10-12 13:41:03.951765" end-time="2023-10-12 13:41:03.952764" duration="0.000999" asserts="0"><properties><property name="python-version" value="3.11.3 (tags/v3.11.3:f3909b8, Apr  4 2023, 23:49:59) [MSC v.1934 64 bit (AMD64)]" /><property name="fspath" value="backend/test_profilemanager.py" /></properties><environment framework-version="3.6.2" clr-version="3.11.3 (tags/v3.11.3:f3909b8, Apr  4 2023, 23:49:59) [MSC v.1934 64 bit (AMD64)]" os-version="10" platform="Windows" cwd="C:\Users\PCByte\OneDrive\Advanced-Software-Development" machine-name="AMD64" user="" user-domain="" culture="en_AU" uiculture="en_AU" os-architecture="64bit" /><failure><message><![CDATA[]]></message><stack-trace><![CDATA[None]]></stack-trace></failure><reason><message><![CDATA[]]></message></reason><output><![CDATA[]]></output></test-case><test-case id="105" name="backend/test_profilemanager.py::test_deleteProfile" fullname="backend/test_profilemanager.py::test_deleteProfile" methodname="test_deleteProfile" classname="backend/test_profilemanager.py" runstate="Runnable" seed="1" result="Passed" label="" start-time="2023-10-12 13:41:03.952764" end-time="2023-10-12 13:41:03.954764" duration="0.002" asserts="0"><properties><property name="python-version" value="3.11.3 (tags/v3.11.3:f3909b8, Apr  4 2023, 23:49:59) [MSC v.1934 64 bit (AMD64)]" /><property name="fspath" value="backend/test_profilemanager.py" /></properties><environment framework-version="3.6.2" clr-version="3.11.3 (tags/v3.11.3:f3909b8, Apr  4 2023, 23:49:59) [MSC v.1934 64 bit (AMD64)]" os-version="10" platform="Windows" cwd="C:\Users\PCByte\OneDrive\Advanced-Software-Development" machine-name="AMD64" user="" user-domain="" culture="en_AU" uiculture="en_AU" os-architecture="64bit" /><failure><message><![CDATA[]]></message><stack-trace><![CDATA[None]]></stack-trace></failure><reason><message><![CDATA[]]></message></reason><output><![CDATA[]]></output></test-case><environment framework-version="3.6.2" clr-version="3.11.3 (tags/v3.11.3:f3909b8, Apr  4 2023, 23:49:59) [MSC v.1934 64 bit (AMD64)]" os-version="10" platform="Windows" cwd="C:\Users\PCByte\OneDrive\Advanced-Software-Development" machine-name="AMD64" user="" user-domain="" culture="en_AU" uiculture="en_AU" os-architecture="64bit" /></test-suite></test-run>