<test-run id="2" testcasecount="0" result="Passed" start-time="2023-10-12 05:53:56.250892" end-time="2023-10-12 05:53:56.461921" duration="0" total="0" passed="0" failed="0" inconclusive="0" skipped="0" asserts="0" clr-version="3.11.6 (tags/v3.11.6:8b6ee5b, Oct  2 2023, 14:57:12) [MSC v.1935 64 bit (AMD64)]" engine-version="3.6.2"><command-line>C:\Users\deadl\AppData\Local\Packages\PythonSoftwareFoundation.Python.3.11_qbz5n2kfra8p0\LocalCache\local-packages\Python311\site-packages\pytest\__main__.py --rootdir c:\Users\deadl\OneDrive\Documents\UTS\2023\Adv Software Development\Advanced Software Development Project\Advanced-Software-Development --override-ini junit_family=xunit1 --junit-xml=C:\Users\deadl\AppData\Local\Temp\tmp-52504I2oMB0ipdJ06.xml</command-line><filter /><test-suite id="backend/test_profilemanager.py" name="backend/test_profilemanager.py" fullname="backend/test_profilemanager.py" methodname="" classname="" runstate="Runnable" type="Assembly" testcasecount="0" result="Passed" label="" start-time="0001-01-01 00:00:00.000000" end-time="0001-01-01 00:00:00.000000" duration="0.0" asserts="0" total="0" passed="0" failed="0" warnings="0" inconclusive="0" skipped="0"><properties><property name="python_version" value="3.11.6 (tags/v3.11.6:8b6ee5b, Oct  2 2023, 14:57:12) [MSC v.1935 64 bit (AMD64)]" /></properties><environment framework-version="3.6.2" clr-version="3.11.6 (tags/v3.11.6:8b6ee5b, Oct  2 2023, 14:57:12) [MSC v.1935 64 bit (AMD64)]" os-version="10" platform="Windows" cwd="c:\Users\deadl\OneDrive\Documents\UTS\2023\Adv Software Development\Advanced Software Development Project\Advanced-Software-Development" machine-name="AMD64" user="" user-domain="" culture="en_AU" uiculture="en_AU" os-architecture="64bit" /></test-suite></test-run>