<test-run id="2" testcasecount="9" result="Passed" start-time="2023-10-12 04:07:05.709705" end-time="2023-10-12 04:07:05.849289" duration="0" total="9" passed="9" failed="0" inconclusive="0" skipped="0" asserts="0" clr-version="3.11.6 (tags/v3.11.6:8b6ee5b, Oct  2 2023, 14:57:12) [MSC v.1935 64 bit (AMD64)]" engine-version="3.6.2"><command-line>C:\Users\deadl\AppData\Local\Packages\PythonSoftwareFoundation.Python.3.11_qbz5n2kfra8p0\LocalCache\local-packages\Python311\site-packages\pytest\__main__.py --rootdir c:\Users\deadl\OneDrive\Documents\UTS\2023\Adv Software Development\Advanced Software Development Project\Advanced-Software-Development --override-ini junit_family=xunit1 --junit-xml=C:\Users\deadl\AppData\Local\Temp\tmp-52504aEGggLHRILRz.xml ./test_MouseInputs.py</command-line><filter><test re="0">./test_MouseInputs.py</test></filter><test-suite id="test_MouseInputs.py" name="test_MouseInputs.py" fullname="test_MouseInputs.py" methodname="" classname="" runstate="Runnable" type="Assembly" testcasecount="9" result="Passed" label="" start-time="2023-10-12 04:07:05.830239" end-time="2023-10-12 04:07:05.849289" duration="0.01905" asserts="0" total="9" passed="9" failed="0" warnings="0" inconclusive="0" skipped="0"><properties><property name="python_version" value="3.11.6 (tags/v3.11.6:8b6ee5b, Oct  2 2023, 14:57:12) [MSC v.1935 64 bit (AMD64)]" /></properties><test-case id="100" name="test_MouseInputs.py::test_create_text_file" fullname="test_MouseInputs.py::test_create_text_file" methodname="test_create_text_file" classname="test_MouseInputs.py" runstate="Runnable" seed="1" result="Passed" label="" start-time="2023-10-12 04:07:05.830239" end-time="2023-10-12 04:07:05.835252" duration="0.005013" asserts="0"><properties><property name="python-version" value="3.11.6 (tags/v3.11.6:8b6ee5b, Oct  2 2023, 14:57:12) [MSC v.1935 64 bit (AMD64)]" /><property name="fspath" value="test_MouseInputs.py" /></properties><environment framework-version="3.6.2" clr-version="3.11.6 (tags/v3.11.6:8b6ee5b, Oct  2 2023, 14:57:12) [MSC v.1935 64 bit (AMD64)]" os-version="10" platform="Windows" cwd="c:\Users\deadl\OneDrive\Documents\UTS\2023\Adv Software Development\Advanced Software Development Project\Advanced-Software-Development" machine-name="AMD64" user="" user-domain="" culture="en_AU" uiculture="en_AU" os-architecture="64bit" /><failure><message><![CDATA[]]></message><stack-trace><![CDATA[None]]></stack-trace></failure><reason><message><![CDATA[]]></message></reason><output><![CDATA[]]></output></test-case><test-case id="101" name="test_MouseInputs.py::test_process_twitch_message_invalid_command" fullname="test_MouseInputs.py::test_process_twitch_message_invalid_command" methodname="test_process_twitch_message_invalid_command" classname="test_MouseInputs.py" runstate="Runnable" seed="1" result="Passed" label="" start-time="2023-10-12 04:07:05.836255" end-time="2023-10-12 04:07:05.837258" duration="0.001003" asserts="0"><properties><property name="python-version" value="3.11.6 (tags/v3.11.6:8b6ee5b, Oct  2 2023, 14:57:12) [MSC v.1935 64 bit (AMD64)]" /><property name="fspath" value="test_MouseInputs.py" /></properties><environment framework-version="3.6.2" clr-version="3.11.6 (tags/v3.11.6:8b6ee5b, Oct  2 2023, 14:57:12) [MSC v.1935 64 bit (AMD64)]" os-version="10" platform="Windows" cwd="c:\Users\deadl\OneDrive\Documents\UTS\2023\Adv Software Development\Advanced Software Development Project\Advanced-Software-Development" machine-name="AMD64" user="" user-domain="" culture="en_AU" uiculture="en_AU" os-architecture="64bit" /><failure><message><![CDATA[]]></message><stack-trace><![CDATA[None]]></stack-trace></failure><reason><message><![CDATA[]]></message></reason><output><![CDATA[]]></output></test-case><test-case id="102" name="test_MouseInputs.py::test_process_twitch_message_valid_command" fullname="test_MouseInputs.py::test_process_twitch_message_valid_command" methodname="test_process_twitch_message_valid_command" classname="test_MouseInputs.py" runstate="Runnable" seed="1" result="Passed" label="" start-time="2023-10-12 04:07:05.837258" end-time="2023-10-12 04:07:05.838260" duration="0.001002" asserts="0"><properties><property name="python-version" value="3.11.6 (tags/v3.11.6:8b6ee5b, Oct  2 2023, 14:57:12) [MSC v.1935 64 bit (AMD64)]" /><property name="fspath" value="test_MouseInputs.py" /></properties><environment framework-version="3.6.2" clr-version="3.11.6 (tags/v3.11.6:8b6ee5b, Oct  2 2023, 14:57:12) [MSC v.1935 64 bit (AMD64)]" os-version="10" platform="Windows" cwd="c:\Users\deadl\OneDrive\Documents\UTS\2023\Adv Software Development\Advanced Software Development Project\Advanced-Software-Development" machine-name="AMD64" user="" user-domain="" culture="en_AU" uiculture="en_AU" os-architecture="64bit" /><failure><message><![CDATA[]]></message><stack-trace><![CDATA[None]]></stack-trace></failure><reason><message><![CDATA[]]></message></reason><output><![CDATA[]]></output></test-case><test-case id="103" name="test_MouseInputs.py::test_moveMouse" fullname="test_MouseInputs.py::test_moveMouse" methodname="test_moveMouse" classname="test_MouseInputs.py" runstate="Runnable" seed="1" result="Passed" label="" start-time="2023-10-12 04:07:05.839263" end-time="2023-10-12 04:07:05.840265" duration="0.001002" asserts="0"><properties><property name="python-version" value="3.11.6 (tags/v3.11.6:8b6ee5b, Oct  2 2023, 14:57:12) [MSC v.1935 64 bit (AMD64)]" /><property name="fspath" value="test_MouseInputs.py" /></properties><environment framework-version="3.6.2" clr-version="3.11.6 (tags/v3.11.6:8b6ee5b, Oct  2 2023, 14:57:12) [MSC v.1935 64 bit (AMD64)]" os-version="10" platform="Windows" cwd="c:\Users\deadl\OneDrive\Documents\UTS\2023\Adv Software Development\Advanced Software Development Project\Advanced-Software-Development" machine-name="AMD64" user="" user-domain="" culture="en_AU" uiculture="en_AU" os-architecture="64bit" /><failure><message><![CDATA[]]></message><stack-trace><![CDATA[None]]></stack-trace></failure><reason><message><![CDATA[]]></message></reason><output><![CDATA[]]></output></test-case><test-case id="104" name="test_MouseInputs.py::test_clickMouse" fullname="test_MouseInputs.py::test_clickMouse" methodname="test_clickMouse" classname="test_MouseInputs.py" runstate="Runnable" seed="1" result="Passed" label="" start-time="2023-10-12 04:07:05.840265" end-time="2023-10-12 04:07:05.841268" duration="0.001003" asserts="0"><properties><property name="python-version" value="3.11.6 (tags/v3.11.6:8b6ee5b, Oct  2 2023, 14:57:12) [MSC v.1935 64 bit (AMD64)]" /><property name="fspath" value="test_MouseInputs.py" /></properties><environment framework-version="3.6.2" clr-version="3.11.6 (tags/v3.11.6:8b6ee5b, Oct  2 2023, 14:57:12) [MSC v.1935 64 bit (AMD64)]" os-version="10" platform="Windows" cwd="c:\Users\deadl\OneDrive\Documents\UTS\2023\Adv Software Development\Advanced Software Development Project\Advanced-Software-Development" machine-name="AMD64" user="" user-domain="" culture="en_AU" uiculture="en_AU" os-architecture="64bit" /><failure><message><![CDATA[]]></message><stack-trace><![CDATA[None]]></stack-trace></failure><reason><message><![CDATA[]]></message></reason><output><![CDATA[]]></output></test-case><test-case id="105" name="test_MouseInputs.py::test_scrollMouse" fullname="test_MouseInputs.py::test_scrollMouse" methodname="test_scrollMouse" classname="test_MouseInputs.py" runstate="Runnable" seed="1" result="Passed" label="" start-time="2023-10-12 04:07:05.842271" end-time="2023-10-12 04:07:05.842271" duration="0.0" asserts="0"><properties><property name="python-version" value="3.11.6 (tags/v3.11.6:8b6ee5b, Oct  2 2023, 14:57:12) [MSC v.1935 64 bit (AMD64)]" /><property name="fspath" value="test_MouseInputs.py" /></properties><environment framework-version="3.6.2" clr-version="3.11.6 (tags/v3.11.6:8b6ee5b, Oct  2 2023, 14:57:12) [MSC v.1935 64 bit (AMD64)]" os-version="10" platform="Windows" cwd="c:\Users\deadl\OneDrive\Documents\UTS\2023\Adv Software Development\Advanced Software Development Project\Advanced-Software-Development" machine-name="AMD64" user="" user-domain="" culture="en_AU" uiculture="en_AU" os-architecture="64bit" /><failure><message><![CDATA[]]></message><stack-trace><![CDATA[None]]></stack-trace></failure><reason><message><![CDATA[]]></message></reason><output><![CDATA[]]></output></test-case><test-case id="106" name="test_MouseInputs.py::test_draw_circle" fullname="test_MouseInputs.py::test_draw_circle" methodname="test_draw_circle" classname="test_MouseInputs.py" runstate="Runnable" seed="1" result="Passed" label="" start-time="2023-10-12 04:07:05.843273" end-time="2023-10-12 04:07:05.845278" duration="0.002005" asserts="0"><properties><property name="python-version" value="3.11.6 (tags/v3.11.6:8b6ee5b, Oct  2 2023, 14:57:12) [MSC v.1935 64 bit (AMD64)]" /><property name="fspath" value="test_MouseInputs.py" /></properties><environment framework-version="3.6.2" clr-version="3.11.6 (tags/v3.11.6:8b6ee5b, Oct  2 2023, 14:57:12) [MSC v.1935 64 bit (AMD64)]" os-version="10" platform="Windows" cwd="c:\Users\deadl\OneDrive\Documents\UTS\2023\Adv Software Development\Advanced Software Development Project\Advanced-Software-Development" machine-name="AMD64" user="" user-domain="" culture="en_AU" uiculture="en_AU" os-architecture="64bit" /><failure><message><![CDATA[]]></message><stack-trace><![CDATA[None]]></stack-trace></failure><reason><message><![CDATA[]]></message></reason><output><![CDATA[]]></output></test-case><test-case id="107" name="test_MouseInputs.py::test_click_coordinates" fullname="test_MouseInputs.py::test_click_coordinates" methodname="test_click_coordinates" classname="test_MouseInputs.py" runstate="Runnable" seed="1" result="Passed" label="" start-time="2023-10-12 04:07:05.845278" end-time="2023-10-12 04:07:05.846281" duration="0.001003" asserts="0"><properties><property name="python-version" value="3.11.6 (tags/v3.11.6:8b6ee5b, Oct  2 2023, 14:57:12) [MSC v.1935 64 bit (AMD64)]" /><property name="fspath" value="test_MouseInputs.py" /></properties><environment framework-version="3.6.2" clr-version="3.11.6 (tags/v3.11.6:8b6ee5b, Oct  2 2023, 14:57:12) [MSC v.1935 64 bit (AMD64)]" os-version="10" platform="Windows" cwd="c:\Users\deadl\OneDrive\Documents\UTS\2023\Adv Software Development\Advanced Software Development Project\Advanced-Software-Development" machine-name="AMD64" user="" user-domain="" culture="en_AU" uiculture="en_AU" os-architecture="64bit" /><failure><message><![CDATA[]]></message><stack-trace><![CDATA[None]]></stack-trace></failure><reason><message><![CDATA[]]></message></reason><output><![CDATA[]]></output></test-case><test-case id="108" name="test_MouseInputs.py::test_add_allowed_command" fullname="test_MouseInputs.py::test_add_allowed_command" methodname="test_add_allowed_command" classname="test_MouseInputs.py" runstate="Runnable" seed="1" result="Passed" label="" start-time="2023-10-12 04:07:05.848286" end-time="2023-10-12 04:07:05.849289" duration="0.001003" asserts="0"><properties><property name="python-version" value="3.11.6 (tags/v3.11.6:8b6ee5b, Oct  2 2023, 14:57:12) [MSC v.1935 64 bit (AMD64)]" /><property name="fspath" value="test_MouseInputs.py" /></properties><environment framework-version="3.6.2" clr-version="3.11.6 (tags/v3.11.6:8b6ee5b, Oct  2 2023, 14:57:12) [MSC v.1935 64 bit (AMD64)]" os-version="10" platform="Windows" cwd="c:\Users\deadl\OneDrive\Documents\UTS\2023\Adv Software Development\Advanced Software Development Project\Advanced-Software-Development" machine-name="AMD64" user="" user-domain="" culture="en_AU" uiculture="en_AU" os-architecture="64bit" /><failure><message><![CDATA[]]></message><stack-trace><![CDATA[None]]></stack-trace></failure><reason><message><![CDATA[]]></message></reason><output><![CDATA[]]></output></test-case><environment framework-version="3.6.2" clr-version="3.11.6 (tags/v3.11.6:8b6ee5b, Oct  2 2023, 14:57:12) [MSC v.1935 64 bit (AMD64)]" os-version="10" platform="Windows" cwd="c:\Users\deadl\OneDrive\Documents\UTS\2023\Adv Software Development\Advanced Software Development Project\Advanced-Software-Development" machine-name="AMD64" user="" user-domain="" culture="en_AU" uiculture="en_AU" os-architecture="64bit" /></test-suite></test-run>