<test-run id="2" testcasecount="12" result="Passed" start-time="2023-10-13 02:58:30.508603" end-time="2023-10-13 02:58:30.643466" duration="0" total="12" passed="12" failed="0" inconclusive="0" skipped="0" asserts="0" clr-version="3.11.6 (tags/v3.11.6:8b6ee5b, Oct  2 2023, 14:57:12) [MSC v.1935 64 bit (AMD64)]" engine-version="3.6.2"><command-line>C:\Users\deadl\AppData\Local\Packages\PythonSoftwareFoundation.Python.3.11_qbz5n2kfra8p0\LocalCache\local-packages\Python311\site-packages\pytest\__main__.py --rootdir c:\Users\deadl\OneDrive\Documents\UTS\2023\Adv Software Development\Advanced Software Development Project\Advanced-Software-Development --override-ini junit_family=xunit1 --junit-xml=C:\Users\deadl\AppData\Local\Temp\tmp-52504DFhZHBv4PTfv.xml</command-line><filter /><test-suite id="test_MouseInputs.py" name="test_MouseInputs.py" fullname="test_MouseInputs.py" methodname="" classname="" runstate="Runnable" type="Assembly" testcasecount="9" result="Passed" label="" start-time="2023-10-13 02:58:30.619750" end-time="2023-10-13 02:58:30.638857" duration="0.019107" asserts="0" total="9" passed="9" failed="0" warnings="0" inconclusive="0" skipped="0"><properties><property name="python_version" value="3.11.6 (tags/v3.11.6:8b6ee5b, Oct  2 2023, 14:57:12) [MSC v.1935 64 bit (AMD64)]" /></properties><test-case id="100" name="test_MouseInputs.py::test_create_text_file" fullname="test_MouseInputs.py::test_create_text_file" methodname="test_create_text_file" classname="test_MouseInputs.py" runstate="Runnable" seed="1" result="Passed" label="" start-time="2023-10-13 02:58:30.619750" end-time="2023-10-13 02:58:30.624806" duration="0.005056" asserts="0"><properties><property name="python-version" value="3.11.6 (tags/v3.11.6:8b6ee5b, Oct  2 2023, 14:57:12) [MSC v.1935 64 bit (AMD64)]" /><property name="fspath" value="test_MouseInputs.py" /></properties><environment framework-version="3.6.2" clr-version="3.11.6 (tags/v3.11.6:8b6ee5b, Oct  2 2023, 14:57:12) [MSC v.1935 64 bit (AMD64)]" os-version="10" platform="Windows" cwd="c:\Users\deadl\OneDrive\Documents\UTS\2023\Adv Software Development\Advanced Software Development Project\Advanced-Software-Development" machine-name="AMD64" user="" user-domain="" culture="en_AU" uiculture="en_AU" os-architecture="64bit" /><failure><message><![CDATA[]]></message><stack-trace><![CDATA[None]]></stack-trace></failure><reason><message><![CDATA[]]></message></reason><output><![CDATA[]]></output></test-case><test-case id="101" name="test_MouseInputs.py::test_process_twitch_message_invalid_command" fullname="test_MouseInputs.py::test_process_twitch_message_invalid_command" methodname="test_process_twitch_message_invalid_command" classname="test_MouseInputs.py" runstate="Runnable" seed="1" result="Passed" label="" start-time="2023-10-13 02:58:30.626828" end-time="2023-10-13 02:58:30.626828" duration="0.0" asserts="0"><properties><property name="python-version" value="3.11.6 (tags/v3.11.6:8b6ee5b, Oct  2 2023, 14:57:12) [MSC v.1935 64 bit (AMD64)]" /><property name="fspath" value="test_MouseInputs.py" /></properties><environment framework-version="3.6.2" clr-version="3.11.6 (tags/v3.11.6:8b6ee5b, Oct  2 2023, 14:57:12) [MSC v.1935 64 bit (AMD64)]" os-version="10" platform="Windows" cwd="c:\Users\deadl\OneDrive\Documents\UTS\2023\Adv Software Development\Advanced Software Development Project\Advanced-Software-Development" machine-name="AMD64" user="" user-domain="" culture="en_AU" uiculture="en_AU" os-architecture="64bit" /><failure><message><![CDATA[]]></message><stack-trace><![CDATA[None]]></stack-trace></failure><reason><message><![CDATA[]]></message></reason><output><![CDATA[]]></output></test-case><test-case id="102" name="test_MouseInputs.py::test_process_twitch_message_valid_command" fullname="test_MouseInputs.py::test_process_twitch_message_valid_command" methodname="test_process_twitch_message_valid_command" classname="test_MouseInputs.py" runstate="Runnable" seed="1" result="Passed" label="" start-time="2023-10-13 02:58:30.627831" end-time="2023-10-13 02:58:30.628830" duration="0.000999" asserts="0"><properties><property name="python-version" value="3.11.6 (tags/v3.11.6:8b6ee5b, Oct  2 2023, 14:57:12) [MSC v.1935 64 bit (AMD64)]" /><property name="fspath" value="test_MouseInputs.py" /></properties><environment framework-version="3.6.2" clr-version="3.11.6 (tags/v3.11.6:8b6ee5b, Oct  2 2023, 14:57:12) [MSC v.1935 64 bit (AMD64)]" os-version="10" platform="Windows" cwd="c:\Users\deadl\OneDrive\Documents\UTS\2023\Adv Software Development\Advanced Software Development Project\Advanced-Software-Development" machine-name="AMD64" user="" user-domain="" culture="en_AU" uiculture="en_AU" os-architecture="64bit" /><failure><message><![CDATA[]]></message><stack-trace><![CDATA[None]]></stack-trace></failure><reason><message><![CDATA[]]></message></reason><output><![CDATA[]]></output></test-case><test-case id="103" name="test_MouseInputs.py::test_moveMouse" fullname="test_MouseInputs.py::test_moveMouse" methodname="test_moveMouse" classname="test_MouseInputs.py" runstate="Runnable" seed="1" result="Passed" label="" start-time="2023-10-13 02:58:30.628830" end-time="2023-10-13 02:58:30.629833" duration="0.001003" asserts="0"><properties><property name="python-version" value="3.11.6 (tags/v3.11.6:8b6ee5b, Oct  2 2023, 14:57:12) [MSC v.1935 64 bit (AMD64)]" /><property name="fspath" value="test_MouseInputs.py" /></properties><environment framework-version="3.6.2" clr-version="3.11.6 (tags/v3.11.6:8b6ee5b, Oct  2 2023, 14:57:12) [MSC v.1935 64 bit (AMD64)]" os-version="10" platform="Windows" cwd="c:\Users\deadl\OneDrive\Documents\UTS\2023\Adv Software Development\Advanced Software Development Project\Advanced-Software-Development" machine-name="AMD64" user="" user-domain="" culture="en_AU" uiculture="en_AU" os-architecture="64bit" /><failure><message><![CDATA[]]></message><stack-trace><![CDATA[None]]></stack-trace></failure><reason><message><![CDATA[]]></message></reason><output><![CDATA[]]></output></test-case><test-case id="104" name="test_MouseInputs.py::test_clickMouse" fullname="test_MouseInputs.py::test_clickMouse" methodname="test_clickMouse" classname="test_MouseInputs.py" runstate="Runnable" seed="1" result="Passed" label="" start-time="2023-10-13 02:58:30.630836" end-time="2023-10-13 02:58:30.631838" duration="0.001002" asserts="0"><properties><property name="python-version" value="3.11.6 (tags/v3.11.6:8b6ee5b, Oct  2 2023, 14:57:12) [MSC v.1935 64 bit (AMD64)]" /><property name="fspath" value="test_MouseInputs.py" /></properties><environment framework-version="3.6.2" clr-version="3.11.6 (tags/v3.11.6:8b6ee5b, Oct  2 2023, 14:57:12) [MSC v.1935 64 bit (AMD64)]" os-version="10" platform="Windows" cwd="c:\Users\deadl\OneDrive\Documents\UTS\2023\Adv Software Development\Advanced Software Development Project\Advanced-Software-Development" machine-name="AMD64" user="" user-domain="" culture="en_AU" uiculture="en_AU" os-architecture="64bit" /><failure><message><![CDATA[]]></message><stack-trace><![CDATA[None]]></stack-trace></failure><reason><message><![CDATA[]]></message></reason><output><![CDATA[]]></output></test-case><test-case id="105" name="test_MouseInputs.py::test_scrollMouse" fullname="test_MouseInputs.py::test_scrollMouse" methodname="test_scrollMouse" classname="test_MouseInputs.py" runstate="Runnable" seed="1" result="Passed" label="" start-time="2023-10-13 02:58:30.631838" end-time="2023-10-13 02:58:30.632842" duration="0.001004" asserts="0"><properties><property name="python-version" value="3.11.6 (tags/v3.11.6:8b6ee5b, Oct  2 2023, 14:57:12) [MSC v.1935 64 bit (AMD64)]" /><property name="fspath" value="test_MouseInputs.py" /></properties><environment framework-version="3.6.2" clr-version="3.11.6 (tags/v3.11.6:8b6ee5b, Oct  2 2023, 14:57:12) [MSC v.1935 64 bit (AMD64)]" os-version="10" platform="Windows" cwd="c:\Users\deadl\OneDrive\Documents\UTS\2023\Adv Software Development\Advanced Software Development Project\Advanced-Software-Development" machine-name="AMD64" user="" user-domain="" culture="en_AU" uiculture="en_AU" os-architecture="64bit" /><failure><message><![CDATA[]]></message><stack-trace><![CDATA[None]]></stack-trace></failure><reason><message><![CDATA[]]></message></reason><output><![CDATA[]]></output></test-case><test-case id="106" name="test_MouseInputs.py::test_draw_circle" fullname="test_MouseInputs.py::test_draw_circle" methodname="test_draw_circle" classname="test_MouseInputs.py" runstate="Runnable" seed="1" result="Passed" label="" start-time="2023-10-13 02:58:30.633844" end-time="2023-10-13 02:58:30.634846" duration="0.001002" asserts="0"><properties><property name="python-version" value="3.11.6 (tags/v3.11.6:8b6ee5b, Oct  2 2023, 14:57:12) [MSC v.1935 64 bit (AMD64)]" /><property name="fspath" value="test_MouseInputs.py" /></properties><environment framework-version="3.6.2" clr-version="3.11.6 (tags/v3.11.6:8b6ee5b, Oct  2 2023, 14:57:12) [MSC v.1935 64 bit (AMD64)]" os-version="10" platform="Windows" cwd="c:\Users\deadl\OneDrive\Documents\UTS\2023\Adv Software Development\Advanced Software Development Project\Advanced-Software-Development" machine-name="AMD64" user="" user-domain="" culture="en_AU" uiculture="en_AU" os-architecture="64bit" /><failure><message><![CDATA[]]></message><stack-trace><![CDATA[None]]></stack-trace></failure><reason><message><![CDATA[]]></message></reason><output><![CDATA[]]></output></test-case><test-case id="107" name="test_MouseInputs.py::test_click_coordinates" fullname="test_MouseInputs.py::test_click_coordinates" methodname="test_click_coordinates" classname="test_MouseInputs.py" runstate="Runnable" seed="1" result="Passed" label="" start-time="2023-10-13 02:58:30.635851" end-time="2023-10-13 02:58:30.636851" duration="0.001" asserts="0"><properties><property name="python-version" value="3.11.6 (tags/v3.11.6:8b6ee5b, Oct  2 2023, 14:57:12) [MSC v.1935 64 bit (AMD64)]" /><property name="fspath" value="test_MouseInputs.py" /></properties><environment framework-version="3.6.2" clr-version="3.11.6 (tags/v3.11.6:8b6ee5b, Oct  2 2023, 14:57:12) [MSC v.1935 64 bit (AMD64)]" os-version="10" platform="Windows" cwd="c:\Users\deadl\OneDrive\Documents\UTS\2023\Adv Software Development\Advanced Software Development Project\Advanced-Software-Development" machine-name="AMD64" user="" user-domain="" culture="en_AU" uiculture="en_AU" os-architecture="64bit" /><failure><message><![CDATA[]]></message><stack-trace><![CDATA[None]]></stack-trace></failure><reason><message><![CDATA[]]></message></reason><output><![CDATA[]]></output></test-case><test-case id="108" name="test_MouseInputs.py::test_add_allowed_command" fullname="test_MouseInputs.py::test_add_allowed_command" methodname="test_add_allowed_command" classname="test_MouseInputs.py" runstate="Runnable" seed="1" result="Passed" label="" start-time="2023-10-13 02:58:30.638857" end-time="2023-10-13 02:58:30.638857" duration="0.0" asserts="0"><properties><property name="python-version" value="3.11.6 (tags/v3.11.6:8b6ee5b, Oct  2 2023, 14:57:12) [MSC v.1935 64 bit (AMD64)]" /><property name="fspath" value="test_MouseInputs.py" /></properties><environment framework-version="3.6.2" clr-version="3.11.6 (tags/v3.11.6:8b6ee5b, Oct  2 2023, 14:57:12) [MSC v.1935 64 bit (AMD64)]" os-version="10" platform="Windows" cwd="c:\Users\deadl\OneDrive\Documents\UTS\2023\Adv Software Development\Advanced Software Development Project\Advanced-Software-Development" machine-name="AMD64" user="" user-domain="" culture="en_AU" uiculture="en_AU" os-architecture="64bit" /><failure><message><![CDATA[]]></message><stack-trace><![CDATA[None]]></stack-trace></failure><reason><message><![CDATA[]]></message></reason><output><![CDATA[]]></output></test-case><environment framework-version="3.6.2" clr-version="3.11.6 (tags/v3.11.6:8b6ee5b, Oct  2 2023, 14:57:12) [MSC v.1935 64 bit (AMD64)]" os-version="10" platform="Windows" cwd="c:\Users\deadl\OneDrive\Documents\UTS\2023\Adv Software Development\Advanced Software Development Project\Advanced-Software-Development" machine-name="AMD64" user="" user-domain="" culture="en_AU" uiculture="en_AU" os-architecture="64bit" /></test-suite><test-suite id="backend/test_profilemanager.py" name="backend/test_profilemanager.py" fullname="backend/test_profilemanager.py" methodname="" classname="" runstate="Runnable" type="Assembly" testcasecount="3" result="Passed" label="" start-time="2023-10-13 02:58:30.639859" end-time="2023-10-13 02:58:30.643466" duration="0.003607" asserts="0" total="3" passed="3" failed="0" warnings="0" inconclusive="0" skipped="0"><properties><property name="python_version" value="3.11.6 (tags/v3.11.6:8b6ee5b, Oct  2 2023, 14:57:12) [MSC v.1935 64 bit (AMD64)]" /></properties><test-case id="109" name="backend/test_profilemanager.py::test_createProfile" fullname="backend/test_profilemanager.py::test_createProfile" methodname="test_createProfile" classname="backend/test_profilemanager.py" runstate="Runnable" seed="1" result="Passed" label="" start-time="2023-10-13 02:58:30.639859" end-time="2023-10-13 02:58:30.640862" duration="0.001003" asserts="0"><properties><property name="python-version" value="3.11.6 (tags/v3.11.6:8b6ee5b, Oct  2 2023, 14:57:12) [MSC v.1935 64 bit (AMD64)]" /><property name="fspath" value="backend/test_profilemanager.py" /></properties><environment framework-version="3.6.2" clr-version="3.11.6 (tags/v3.11.6:8b6ee5b, Oct  2 2023, 14:57:12) [MSC v.1935 64 bit (AMD64)]" os-version="10" platform="Windows" cwd="c:\Users\deadl\OneDrive\Documents\UTS\2023\Adv Software Development\Advanced Software Development Project\Advanced-Software-Development" machine-name="AMD64" user="" user-domain="" culture="en_AU" uiculture="en_AU" os-architecture="64bit" /><failure><message><![CDATA[]]></message><stack-trace><![CDATA[None]]></stack-trace></failure><reason><message><![CDATA[]]></message></reason><output><![CDATA[]]></output></test-case><test-case id="110" name="backend/test_profilemanager.py::test_profileExists" fullname="backend/test_profilemanager.py::test_profileExists" methodname="test_profileExists" classname="backend/test_profilemanager.py" runstate="Runnable" seed="1" result="Passed" label="" start-time="2023-10-13 02:58:30.641959" end-time="2023-10-13 02:58:30.641959" duration="0.0" asserts="0"><properties><property name="python-version" value="3.11.6 (tags/v3.11.6:8b6ee5b, Oct  2 2023, 14:57:12) [MSC v.1935 64 bit (AMD64)]" /><property name="fspath" value="backend/test_profilemanager.py" /></properties><environment framework-version="3.6.2" clr-version="3.11.6 (tags/v3.11.6:8b6ee5b, Oct  2 2023, 14:57:12) [MSC v.1935 64 bit (AMD64)]" os-version="10" platform="Windows" cwd="c:\Users\deadl\OneDrive\Documents\UTS\2023\Adv Software Development\Advanced Software Development Project\Advanced-Software-Development" machine-name="AMD64" user="" user-domain="" culture="en_AU" uiculture="en_AU" os-architecture="64bit" /><failure><message><![CDATA[]]></message><stack-trace><![CDATA[None]]></stack-trace></failure><reason><message><![CDATA[]]></message></reason><output><![CDATA[]]></output></test-case><test-case id="111" name="backend/test_profilemanager.py::test_deleteProfile" fullname="backend/test_profilemanager.py::test_deleteProfile" methodname="test_deleteProfile" classname="backend/test_profilemanager.py" runstate="Runnable" seed="1" result="Passed" label="" start-time="2023-10-13 02:58:30.641959" end-time="2023-10-13 02:58:30.643466" duration="0.001507" asserts="0"><properties><property name="python-version" value="3.11.6 (tags/v3.11.6:8b6ee5b, Oct  2 2023, 14:57:12) [MSC v.1935 64 bit (AMD64)]" /><property name="fspath" value="backend/test_profilemanager.py" /></properties><environment framework-version="3.6.2" clr-version="3.11.6 (tags/v3.11.6:8b6ee5b, Oct  2 2023, 14:57:12) [MSC v.1935 64 bit (AMD64)]" os-version="10" platform="Windows" cwd="c:\Users\deadl\OneDrive\Documents\UTS\2023\Adv Software Development\Advanced Software Development Project\Advanced-Software-Development" machine-name="AMD64" user="" user-domain="" culture="en_AU" uiculture="en_AU" os-architecture="64bit" /><failure><message><![CDATA[]]></message><stack-trace><![CDATA[None]]></stack-trace></failure><reason><message><![CDATA[]]></message></reason><output><![CDATA[]]></output></test-case><environment framework-version="3.6.2" clr-version="3.11.6 (tags/v3.11.6:8b6ee5b, Oct  2 2023, 14:57:12) [MSC v.1935 64 bit (AMD64)]" os-version="10" platform="Windows" cwd="c:\Users\deadl\OneDrive\Documents\UTS\2023\Adv Software Development\Advanced Software Development Project\Advanced-Software-Development" machine-name="AMD64" user="" user-domain="" culture="en_AU" uiculture="en_AU" os-architecture="64bit" /></test-suite></test-run>